-------------------------------------------------------------------------------
Test set: com.customer.apirest.CustomersApiRestApplicationTests
-------------------------------------------------------------------------------
Tests run: 1, Failures: 0, Errors: 1, Skipped: 0, Time elapsed: 0.002 s <<< FAILURE! - in com.customer.apirest.CustomersApiRestApplicationTests
initializationError(com.customer.apirest.CustomersApiRestApplicationTests)  Time elapsed: 0.002 s  <<< ERROR!
java.lang.Exception: Method contextLoads() should be public

