<?xml version="1.0" encoding="UTF-8"?>
<testsuite xmlns:xsi="http://www.w3.org/2001/XMLSchema-instance" xsi:noNamespaceSchemaLocation="https://maven.apache.org/surefire/maven-surefire-plugin/xsd/surefire-test-report.xsd" name="com.customer.apirest.controller.CustomersControllerTest" time="10.917" tests="3" errors="0" skipped="0" failures="0">
  <properties>
[...]
</properties>
  <testcase name="CustomersGETById" classname="com.customer.apirest.controller.CustomersControllerTest" time="0.2"/>
  <testcase name="CustomerGetByIdentification" classname="com.customer.apirest.controller.CustomersControllerTest" time="0.026"/>
  <testcase name="CustomersPST" classname="com.customer.apirest.controller.CustomersControllerTest" time="0.106"/>
</testsuite>